Using pre-set license
Built from '2021.2/staging' branch; Version is '2021.2.7f1 (6bd9e232123f) revision 7068130'; Using compiler version '192829333'; Build Type 'Release'
OS: 'Windows 11  (10.0.22000) 64bit Core' Language: 'sv' Physical Memory: 16300 MB
BatchMode: 1, IsHumanControllingUs: 0, StartBugReporterOnCrash: 0, Is64bit: 1, IsPro: 0

COMMAND LINE ARGUMENTS:
C:\Program Files\Unity\Hub\Editor\2021.2.7f1\Editor\Unity.exe
-adb2
-batchMode
-noUpm
-name
AssetImportWorker10
-projectPath
C:/Users/Anton/Documents/GitHub/One-TrickGnomes
-logFile
Logs/AssetImportWorker10.log
-srvPort
63365
Successfully changed project path to: C:/Users/Anton/Documents/GitHub/One-TrickGnomes
C:/Users/Anton/Documents/GitHub/One-TrickGnomes
[UnityMemory] Configuration Parameters - Can be set up in boot.config
    "memorysetup-bucket-allocator-granularity=16"
    "memorysetup-bucket-allocator-bucket-count=8"
    "memorysetup-bucket-allocator-block-size=33554432"
    "memorysetup-bucket-allocator-block-count=8"
    "memorysetup-main-allocator-block-size=16777216"
    "memorysetup-thread-allocator-block-size=16777216"
    "memorysetup-gfx-main-allocator-block-size=16777216"
    "memorysetup-gfx-thread-allocator-block-size=16777216"
    "memorysetup-cache-allocator-block-size=4194304"
    "memorysetup-typetree-allocator-block-size=2097152"
    "memorysetup-profiler-bucket-allocator-granularity=16"
    "memorysetup-profiler-bucket-allocator-bucket-count=8"
    "memorysetup-profiler-bucket-allocator-block-size=33554432"
    "memorysetup-profiler-bucket-allocator-block-count=8"
    "memorysetup-profiler-allocator-block-size=16777216"
    "memorysetup-profiler-editor-allocator-block-size=1048576"
    "memorysetup-temp-allocator-size-main=16777216"
    "memorysetup-job-temp-allocator-block-size=2097152"
    "memorysetup-job-temp-allocator-block-size-background=1048576"
    "memorysetup-job-temp-allocator-reduction-small-platforms=262144"
    "memorysetup-temp-allocator-size-background-worker=32768"
    "memorysetup-temp-allocator-size-job-worker=262144"
    "memorysetup-temp-allocator-size-preload-manager=33554432"
    "memorysetup-temp-allocator-size-nav-mesh-worker=65536"
    "memorysetup-temp-allocator-size-audio-worker=65536"
    "memorysetup-temp-allocator-size-cloud-worker=32768"
    "memorysetup-temp-allocator-size-gi-baking-worker=262144"
    "memorysetup-temp-allocator-size-gfx=262144"
Refreshing native plugins compatible for Editor in 74.58 ms, found 3 plugins.
Preloading 0 native plugins for Editor in 0.00 ms.
Initialize engine version: 2021.2.7f1 (6bd9e232123f)
[Subsystems] Discovering subsystems at path C:/Program Files/Unity/Hub/Editor/2021.2.7f1/Editor/Data/Resources/UnitySubsystems
[Subsystems] Discovering subsystems at path C:/Users/Anton/Documents/GitHub/One-TrickGnomes/Assets
GfxDevice: creating device client; threaded=0; jobified=0
Direct3D:
    Version:  Direct3D 11.0 [level 11.1]
    Renderer: NVIDIA GeForce GTX 1080 (ID=0x1b80)
    Vendor:   NVIDIA
    VRAM:     8079 MB
    Driver:   30.0.15.1123
Initialize mono
Mono path[0] = 'C:/Program Files/Unity/Hub/Editor/2021.2.7f1/Editor/Data/Managed'
Mono path[1] = 'C:/Program Files/Unity/Hub/Editor/2021.2.7f1/Editor/Data/MonoBleedingEdge/lib/mono/unityjit-win32'
Mono config path = 'C:/Program Files/Unity/Hub/Editor/2021.2.7f1/Editor/Data/MonoBleedingEdge/etc'
Using monoOptions --debugger-agent=transport=dt_socket,embedding=1,server=y,suspend=n,address=127.0.0.1:56280
Begin MonoManager ReloadAssembly
Registering precompiled unity dll's ...
Register platform support module: C:/Program Files/Unity/Hub/Editor/2021.2.7f1/Editor/Data/PlaybackEngines/WindowsStandaloneSupport/UnityEditor.WindowsStandalone.Extensions.dll
Registered in 0.004030 seconds.
Native extension for WindowsStandalone target not found
Refreshing native plugins compatible for Editor in 74.23 ms, found 3 plugins.
Preloading 0 native plugins for Editor in 0.00 ms.
Mono: successfully reloaded assembly
- Completed reload, in  0.556 seconds
Domain Reload Profiling:
	ReloadAssembly (556ms)
		BeginReloadAssembly (60ms)
			ExecutionOrderSort (0ms)
			DisableScriptedObjects (0ms)
			BackupInstance (0ms)
			ReleaseScriptingObjects (0ms)
			CreateAndSetChildDomain (1ms)
		EndReloadAssembly (428ms)
			LoadAssemblies (58ms)
			RebuildTransferFunctionScriptingTraits (0ms)
			SetupTypeCache (98ms)
			ReleaseScriptCaches (0ms)
			RebuildScriptCaches (24ms)
			SetupLoadedEditorAssemblies (256ms)
				LogAssemblyErrors (0ms)
				InitializePlatformSupportModulesInManaged (13ms)
				SetLoadedEditorAssemblies (0ms)
				RefreshPlugins (74ms)
				BeforeProcessingInitializeOnLoad (1ms)
				ProcessInitializeOnLoadAttributes (124ms)
				ProcessInitializeOnLoadMethodAttributes (44ms)
				AfterProcessingInitializeOnLoad (0ms)
				EditorAssembliesLoaded (0ms)
			ExecutionOrderSort2 (0ms)
			AwakeInstancesAfterBackupRestoration (0ms)
Platform modules already initialized, skipping
Registering precompiled user dll's ...
Registered in 0.005322 seconds.
Begin MonoManager ReloadAssembly
Symbol file LoadedFromMemory doesn't match image C:\Users\Anton\Documents\GitHub\One-TrickGnomes\Library\PackageCache\com.unity.visualscripting@1.7.6\Editor\VisualScripting.Core\Dependencies\YamlDotNet\Unity.VisualScripting.YamlDotNet.dll
Symbol file LoadedFromMemory doesn't match image C:\Users\Anton\Documents\GitHub\One-TrickGnomes\Library\PackageCache\com.unity.visualscripting@1.7.6\Editor\VisualScripting.Core\Dependencies\DotNetZip\Unity.VisualScripting.IonicZip.dll
Native extension for WindowsStandalone target not found
Refreshing native plugins compatible for Editor in 0.45 ms, found 3 plugins.
Preloading 0 native plugins for Editor in 0.00 ms.
Mono: successfully reloaded assembly
- Completed reload, in  0.860 seconds
Domain Reload Profiling:
	ReloadAssembly (860ms)
		BeginReloadAssembly (90ms)
			ExecutionOrderSort (0ms)
			DisableScriptedObjects (5ms)
			BackupInstance (0ms)
			ReleaseScriptingObjects (0ms)
			CreateAndSetChildDomain (16ms)
		EndReloadAssembly (685ms)
			LoadAssemblies (64ms)
			RebuildTransferFunctionScriptingTraits (0ms)
			SetupTypeCache (229ms)
			ReleaseScriptCaches (0ms)
			RebuildScriptCaches (43ms)
			SetupLoadedEditorAssemblies (312ms)
				LogAssemblyErrors (0ms)
				InitializePlatformSupportModulesInManaged (10ms)
				SetLoadedEditorAssemblies (1ms)
				RefreshPlugins (0ms)
				BeforeProcessingInitializeOnLoad (73ms)
				ProcessInitializeOnLoadAttributes (202ms)
				ProcessInitializeOnLoadMethodAttributes (20ms)
				AfterProcessingInitializeOnLoad (6ms)
				EditorAssembliesLoaded (0ms)
			ExecutionOrderSort2 (0ms)
			AwakeInstancesAfterBackupRestoration (7ms)
Platform modules already initialized, skipping
========================================================================
Worker process is ready to serve import requests
Launched and connected shader compiler UnityShaderCompiler.exe after 0.05 seconds
Refreshing native plugins compatible for Editor in 0.46 ms, found 3 plugins.
Preloading 0 native plugins for Editor in 0.00 ms.
Unloading 3223 Unused Serialized files (Serialized files now loaded: 0)
Unloading 25 unused Assets / (87.4 KB). Loaded Objects now: 3710.
Memory consumption went from 199.7 MB to 199.7 MB.
Total: 2.264400 ms (FindLiveObjects: 0.219200 ms CreateObjectMapping: 0.157100 ms MarkObjects: 1.808900 ms  DeleteObjects: 0.078500 ms)

AssetImportParameters requested are different than current active one (requested -> active):
  custom:video-decoder-ogg-theora: a1e56fd34408186e4bbccfd4996cb3dc -> 
  custom:container-muxer-webm: aa71ff27fc2769a1b78a27578f13a17b -> 
  custom:container-demuxer-webm: 4f35f7cbe854078d1ac9338744f61a02 -> 
  custom:video-encoder-webm-vp8: eb34c28f22e8b96e1ab97ce403110664 -> 
  custom:audio-encoder-webm-vorbis: bf7c407c2cedff20999df2af8eb42d56 -> 
  custom:framework-win-MediaFoundation: 216162199b28c13a410421893ffa2e32 -> 
  custom:container-demuxer-ogg: 62fdf1f143b41e24485cea50d1cbac27 -> 
  custom:video-decoder-webm-vp8: 9c59270c3fd7afecdb556c50c9e8de78 -> 
  custom:audio-decoder-ogg-vorbis: bf7c407c2cedff20999df2af8eb42d56 -> 
========================================================================
Received Import Request.
  Time since last request: 109567.507563 seconds.
  path: Assets/Forest Ruins Pack/Prefabs/Clusters
  artifactKey: Guid(38df40433855dfd4fa5e334264b8dbe6) Importer(815301076,1909f56bfc062723c751e8b465ee728b)
Start importing Assets/Forest Ruins Pack/Prefabs/Clusters using Guid(38df40433855dfd4fa5e334264b8dbe6) Importer(815301076,1909f56bfc062723c751e8b465ee728b)  -> (artifact id: 'fe1920d44c1bcb96203a82cdc0439316') in 0.026573 seconds 
========================================================================
Received Import Request.
  Time since last request: 0.084722 seconds.
  path: Assets/Forest Ruins Pack/Prefabs/Clusters/Concrete Tiles Cluster 01.prefab
  artifactKey: Guid(5c517a5a8627df541bbdc0e66ddb4a3a) Importer(815301076,1909f56bfc062723c751e8b465ee728b)
Start importing Assets/Forest Ruins Pack/Prefabs/Clusters/Concrete Tiles Cluster 01.prefab using Guid(5c517a5a8627df541bbdc0e66ddb4a3a) Importer(815301076,1909f56bfc062723c751e8b465ee728b)  -> (artifact id: '0bd2ae627428c35a7ca0de865b023822') in 0.146421 seconds 
========================================================================
Received Import Request.
  Time since last request: 0.000023 seconds.
  path: Assets/Forest Ruins Pack/Prefabs/Clusters/Rock Step Cluster 02.prefab
  artifactKey: Guid(f9729c001e2f0cd40b836d7f3ab709bd) Importer(815301076,1909f56bfc062723c751e8b465ee728b)
Start importing Assets/Forest Ruins Pack/Prefabs/Clusters/Rock Step Cluster 02.prefab using Guid(f9729c001e2f0cd40b836d7f3ab709bd) Importer(815301076,1909f56bfc062723c751e8b465ee728b)  -> (artifact id: '7e55f862981db92184a654ddf1c1eaf5') in 0.039574 seconds 
========================================================================
Received Import Request.
  Time since last request: 0.000020 seconds.
  path: Assets/Forest Ruins Pack/Prefabs/Clusters/Tree Cluster 02.prefab
  artifactKey: Guid(1831e64ea5de5f745bdfec6f31626e70) Importer(815301076,1909f56bfc062723c751e8b465ee728b)
Start importing Assets/Forest Ruins Pack/Prefabs/Clusters/Tree Cluster 02.prefab using Guid(1831e64ea5de5f745bdfec6f31626e70) Importer(815301076,1909f56bfc062723c751e8b465ee728b)  -> (artifact id: '7ef29c23616ef3e233e6b2c478a6c903') in 0.042108 seconds 
========================================================================
Received Import Request.
  Time since last request: 0.000016 seconds.
  path: Assets/Forest Ruins Pack/Prefabs/Clusters/Rock Cluster 02.prefab
  artifactKey: Guid(32e6202155378ed4f93735981381117f) Importer(815301076,1909f56bfc062723c751e8b465ee728b)
Start importing Assets/Forest Ruins Pack/Prefabs/Clusters/Rock Cluster 02.prefab using Guid(32e6202155378ed4f93735981381117f) Importer(815301076,1909f56bfc062723c751e8b465ee728b)  -> (artifact id: 'e0f3e996eda5186cb89dd79ba713c22d') in 0.021700 seconds 
========================================================================
Received Import Request.
  Time since last request: 0.000018 seconds.
  path: Assets/Forest Ruins Pack/Prefabs/Clusters/Rock Step Cluster 01.prefab
  artifactKey: Guid(b76f3d860a74f734e912558706a6b328) Importer(815301076,1909f56bfc062723c751e8b465ee728b)
Start importing Assets/Forest Ruins Pack/Prefabs/Clusters/Rock Step Cluster 01.prefab using Guid(b76f3d860a74f734e912558706a6b328) Importer(815301076,1909f56bfc062723c751e8b465ee728b)  -> (artifact id: '7edb2a5cee624c7507314e0e6bd2dadf') in 0.026925 seconds 
========================================================================
Received Import Request.
  Time since last request: 0.000016 seconds.
  path: Assets/Forest Ruins Pack/Prefabs/Clusters/Rock Step Cluster 03.prefab
  artifactKey: Guid(2a3efb1bd83bcf8428d55650be234d54) Importer(815301076,1909f56bfc062723c751e8b465ee728b)
Start importing Assets/Forest Ruins Pack/Prefabs/Clusters/Rock Step Cluster 03.prefab using Guid(2a3efb1bd83bcf8428d55650be234d54) Importer(815301076,1909f56bfc062723c751e8b465ee728b)  -> (artifact id: '3af2e9d98b3e0fd20fd9b9b038b2b702') in 0.020796 seconds 
========================================================================
Received Import Request.
  Time since last request: 0.000019 seconds.
  path: Assets/Forest Ruins Pack/Prefabs/Clusters/Stone Step Cluster 01.prefab
  artifactKey: Guid(4e9a9907752b22841881aab73f6b7dcf) Importer(815301076,1909f56bfc062723c751e8b465ee728b)
Start importing Assets/Forest Ruins Pack/Prefabs/Clusters/Stone Step Cluster 01.prefab using Guid(4e9a9907752b22841881aab73f6b7dcf) Importer(815301076,1909f56bfc062723c751e8b465ee728b)  -> (artifact id: '91c0271aa618bd088e8f2b7de469ac6f') in 0.018309 seconds 
========================================================================
Received Import Request.
  Time since last request: 0.000041 seconds.
  path: Assets/Forest Ruins Pack/Prefabs/Clusters/Tree Cluster 03.prefab
  artifactKey: Guid(893ccd000bf33e1439e3040c8dce6f60) Importer(815301076,1909f56bfc062723c751e8b465ee728b)
Start importing Assets/Forest Ruins Pack/Prefabs/Clusters/Tree Cluster 03.prefab using Guid(893ccd000bf33e1439e3040c8dce6f60) Importer(815301076,1909f56bfc062723c751e8b465ee728b)  -> (artifact id: '30029f84dc4372e5f4959cbc7abffedf') in 0.020692 seconds 
Editor requested this worker to shutdown with reason: Scaling down because of idle timeout
AssetImportWorker is now disconnected from the server
Process exiting
Exiting without the bug reporter. Application will terminate with return code 0