Using pre-set license
Built from '2021.2/staging' branch; Version is '2021.2.7f1 (6bd9e232123f) revision 7068130'; Using compiler version '192829333'; Build Type 'Release'
OS: 'Windows 10  (10.0.19043) 64bit Professional' Language: 'sv' Physical Memory: 32709 MB
BatchMode: 1, IsHumanControllingUs: 0, StartBugReporterOnCrash: 0, Is64bit: 1, IsPro: 0

COMMAND LINE ARGUMENTS:
C:\Program Files\Unity\Hub\Editor\2021.2.7f1\Editor\Unity.exe
-adb2
-batchMode
-noUpm
-name
AssetImportWorker2
-projectPath
G:/2222 Unity projects/One-TrickGnomes
-logFile
Logs/AssetImportWorker2.log
-srvPort
50447
Successfully changed project path to: G:/2222 Unity projects/One-TrickGnomes
G:/2222 Unity projects/One-TrickGnomes
[UnityMemory] Configuration Parameters - Can be set up in boot.config
    "memorysetup-bucket-allocator-granularity=16"
    "memorysetup-bucket-allocator-bucket-count=8"
    "memorysetup-bucket-allocator-block-size=33554432"
    "memorysetup-bucket-allocator-block-count=8"
    "memorysetup-main-allocator-block-size=16777216"
    "memorysetup-thread-allocator-block-size=16777216"
    "memorysetup-gfx-main-allocator-block-size=16777216"
    "memorysetup-gfx-thread-allocator-block-size=16777216"
    "memorysetup-cache-allocator-block-size=4194304"
    "memorysetup-typetree-allocator-block-size=2097152"
    "memorysetup-profiler-bucket-allocator-granularity=16"
    "memorysetup-profiler-bucket-allocator-bucket-count=8"
    "memorysetup-profiler-bucket-allocator-block-size=33554432"
    "memorysetup-profiler-bucket-allocator-block-count=8"
    "memorysetup-profiler-allocator-block-size=16777216"
    "memorysetup-profiler-editor-allocator-block-size=1048576"
    "memorysetup-temp-allocator-size-main=16777216"
    "memorysetup-job-temp-allocator-block-size=2097152"
    "memorysetup-job-temp-allocator-block-size-background=1048576"
    "memorysetup-job-temp-allocator-reduction-small-platforms=262144"
    "memorysetup-temp-allocator-size-background-worker=32768"
    "memorysetup-temp-allocator-size-job-worker=262144"
    "memorysetup-temp-allocator-size-preload-manager=33554432"
    "memorysetup-temp-allocator-size-nav-mesh-worker=65536"
    "memorysetup-temp-allocator-size-audio-worker=65536"
    "memorysetup-temp-allocator-size-cloud-worker=32768"
    "memorysetup-temp-allocator-size-gi-baking-worker=262144"
    "memorysetup-temp-allocator-size-gfx=262144"
Refreshing native plugins compatible for Editor in 107.89 ms, found 3 plugins.
Preloading 0 native plugins for Editor in 0.00 ms.
Initialize engine version: 2021.2.7f1 (6bd9e232123f)
[Subsystems] Discovering subsystems at path C:/Program Files/Unity/Hub/Editor/2021.2.7f1/Editor/Data/Resources/UnitySubsystems
[Subsystems] Discovering subsystems at path G:/2222 Unity projects/One-TrickGnomes/Assets
GfxDevice: creating device client; threaded=0; jobified=0
Direct3D:
    Version:  Direct3D 11.0 [level 11.1]
    Renderer: NVIDIA GeForce GTX 970 (ID=0x13c2)
    Vendor:   NVIDIA
    VRAM:     4043 MB
    Driver:   30.0.14.7168
Initialize mono
Mono path[0] = 'C:/Program Files/Unity/Hub/Editor/2021.2.7f1/Editor/Data/Managed'
Mono path[1] = 'C:/Program Files/Unity/Hub/Editor/2021.2.7f1/Editor/Data/MonoBleedingEdge/lib/mono/unityjit-win32'
Mono config path = 'C:/Program Files/Unity/Hub/Editor/2021.2.7f1/Editor/Data/MonoBleedingEdge/etc'
Using monoOptions --debugger-agent=transport=dt_socket,embedding=1,server=y,suspend=n,address=127.0.0.1:56344
Begin MonoManager ReloadAssembly
Registering precompiled unity dll's ...
Register platform support module: C:/Program Files/Unity/Hub/Editor/2021.2.7f1/Editor/Data/PlaybackEngines/WindowsStandaloneSupport/UnityEditor.WindowsStandalone.Extensions.dll
Registered in 0.011364 seconds.
Native extension for WindowsStandalone target not found
Refreshing native plugins compatible for Editor in 95.18 ms, found 3 plugins.
Preloading 0 native plugins for Editor in 0.00 ms.
Mono: successfully reloaded assembly
- Completed reload, in  0.818 seconds
Domain Reload Profiling:
	ReloadAssembly (819ms)
		BeginReloadAssembly (90ms)
			ExecutionOrderSort (0ms)
			DisableScriptedObjects (0ms)
			BackupInstance (0ms)
			ReleaseScriptingObjects (0ms)
			CreateAndSetChildDomain (1ms)
		EndReloadAssembly (622ms)
			LoadAssemblies (87ms)
			RebuildTransferFunctionScriptingTraits (0ms)
			SetupTypeCache (166ms)
			ReleaseScriptCaches (0ms)
			RebuildScriptCaches (43ms)
			SetupLoadedEditorAssemblies (342ms)
				LogAssemblyErrors (0ms)
				InitializePlatformSupportModulesInManaged (19ms)
				SetLoadedEditorAssemblies (0ms)
				RefreshPlugins (95ms)
				BeforeProcessingInitializeOnLoad (1ms)
				ProcessInitializeOnLoadAttributes (169ms)
				ProcessInitializeOnLoadMethodAttributes (58ms)
				AfterProcessingInitializeOnLoad (0ms)
				EditorAssembliesLoaded (0ms)
			ExecutionOrderSort2 (0ms)
			AwakeInstancesAfterBackupRestoration (0ms)
Platform modules already initialized, skipping
Registering precompiled user dll's ...
Registered in 0.005114 seconds.
Begin MonoManager ReloadAssembly
Symbol file LoadedFromMemory doesn't match image G:\2222 Unity projects\One-TrickGnomes\Library\PackageCache\com.unity.visualscripting@1.7.6\Editor\VisualScripting.Core\Dependencies\YamlDotNet\Unity.VisualScripting.YamlDotNet.dll
Symbol file LoadedFromMemory doesn't match image G:\2222 Unity projects\One-TrickGnomes\Library\PackageCache\com.unity.visualscripting@1.7.6\Editor\VisualScripting.Core\Dependencies\DotNetZip\Unity.VisualScripting.IonicZip.dll
Native extension for WindowsStandalone target not found
Refreshing native plugins compatible for Editor in 0.78 ms, found 3 plugins.
Preloading 0 native plugins for Editor in 0.00 ms.
Mono: successfully reloaded assembly
- Completed reload, in  1.324 seconds
Domain Reload Profiling:
	ReloadAssembly (1325ms)
		BeginReloadAssembly (146ms)
			ExecutionOrderSort (0ms)
			DisableScriptedObjects (9ms)
			BackupInstance (0ms)
			ReleaseScriptingObjects (0ms)
			CreateAndSetChildDomain (25ms)
		EndReloadAssembly (1054ms)
			LoadAssemblies (83ms)
			RebuildTransferFunctionScriptingTraits (0ms)
			SetupTypeCache (356ms)
			ReleaseScriptCaches (1ms)
			RebuildScriptCaches (77ms)
			SetupLoadedEditorAssemblies (453ms)
				LogAssemblyErrors (0ms)
				InitializePlatformSupportModulesInManaged (17ms)
				SetLoadedEditorAssemblies (1ms)
				RefreshPlugins (1ms)
				BeforeProcessingInitializeOnLoad (91ms)
				ProcessInitializeOnLoadAttributes (301ms)
				ProcessInitializeOnLoadMethodAttributes (28ms)
				AfterProcessingInitializeOnLoad (13ms)
				EditorAssembliesLoaded (0ms)
			ExecutionOrderSort2 (0ms)
			AwakeInstancesAfterBackupRestoration (7ms)
Platform modules already initialized, skipping
========================================================================
Worker process is ready to serve import requests
Launched and connected shader compiler UnityShaderCompiler.exe after 0.09 seconds
Refreshing native plugins compatible for Editor in 1.34 ms, found 3 plugins.
Preloading 0 native plugins for Editor in 0.00 ms.
Unloading 3223 Unused Serialized files (Serialized files now loaded: 0)
Unloading 25 unused Assets / (87.3 KB). Loaded Objects now: 3709.
Memory consumption went from 199.3 MB to 199.2 MB.
Total: 5.517300 ms (FindLiveObjects: 0.507700 ms CreateObjectMapping: 0.301700 ms MarkObjects: 4.570000 ms  DeleteObjects: 0.136400 ms)

AssetImportParameters requested are different than current active one (requested -> active):
  custom:video-decoder-ogg-theora: a1e56fd34408186e4bbccfd4996cb3dc -> 
  custom:container-muxer-webm: aa71ff27fc2769a1b78a27578f13a17b -> 
  custom:container-demuxer-webm: 4f35f7cbe854078d1ac9338744f61a02 -> 
  custom:video-encoder-webm-vp8: eb34c28f22e8b96e1ab97ce403110664 -> 
  custom:audio-encoder-webm-vorbis: bf7c407c2cedff20999df2af8eb42d56 -> 
  custom:framework-win-MediaFoundation: 216162199b28c13a410421893ffa2e32 -> 
  custom:container-demuxer-ogg: 62fdf1f143b41e24485cea50d1cbac27 -> 
  custom:video-decoder-webm-vp8: 9c59270c3fd7afecdb556c50c9e8de78 -> 
  custom:audio-decoder-ogg-vorbis: bf7c407c2cedff20999df2af8eb42d56 -> 
========================================================================
Received Import Request.
  Time since last request: 62078.185429 seconds.
  path: Assets/New Terrain 2.asset
  artifactKey: Guid(2e18bad8caf78234da3deff3bf6fccec) Importer(815301076,1909f56bfc062723c751e8b465ee728b)
Start importing Assets/New Terrain 2.asset using Guid(2e18bad8caf78234da3deff3bf6fccec) Importer(815301076,1909f56bfc062723c751e8b465ee728b)  -> (artifact id: 'b87c00dfffd766bb361d542f457c9ee5') in 0.137957 seconds 
========================================================================
Received Import Request.
  Time since last request: 0.000030 seconds.
  path: Assets/TerrainData_f96d8bb3-dec9-4152-a1d0-02f76301ad73.asset
  artifactKey: Guid(81af873c9a223d34f87552a0a46e6a03) Importer(815301076,1909f56bfc062723c751e8b465ee728b)
Start importing Assets/TerrainData_f96d8bb3-dec9-4152-a1d0-02f76301ad73.asset using Guid(81af873c9a223d34f87552a0a46e6a03) Importer(815301076,1909f56bfc062723c751e8b465ee728b)  -> (artifact id: '9efb21265cb402a4e26c415c9c257465') in 0.013955 seconds 
========================================================================
Received Prepare
Registering precompiled user dll's ...
Registered in 0.003247 seconds.
Begin MonoManager ReloadAssembly
Symbol file LoadedFromMemory doesn't match image G:\2222 Unity projects\One-TrickGnomes\Library\PackageCache\com.unity.visualscripting@1.7.6\Editor\VisualScripting.Core\Dependencies\YamlDotNet\Unity.VisualScripting.YamlDotNet.dll
Symbol file LoadedFromMemory doesn't match image G:\2222 Unity projects\One-TrickGnomes\Library\PackageCache\com.unity.visualscripting@1.7.6\Editor\VisualScripting.Core\Dependencies\DotNetZip\Unity.VisualScripting.IonicZip.dll
Native extension for WindowsStandalone target not found
Refreshing native plugins compatible for Editor in 0.98 ms, found 3 plugins.
Preloading 0 native plugins for Editor in 0.00 ms.
Mono: successfully reloaded assembly
- Completed reload, in  1.230 seconds
Domain Reload Profiling:
	ReloadAssembly (1230ms)
		BeginReloadAssembly (143ms)
			ExecutionOrderSort (0ms)
			DisableScriptedObjects (6ms)
			BackupInstance (0ms)
			ReleaseScriptingObjects (0ms)
			CreateAndSetChildDomain (37ms)
		EndReloadAssembly (979ms)
			LoadAssemblies (84ms)
			RebuildTransferFunctionScriptingTraits (0ms)
			SetupTypeCache (338ms)
			ReleaseScriptCaches (2ms)
			RebuildScriptCaches (56ms)
			SetupLoadedEditorAssemblies (424ms)
				LogAssemblyErrors (0ms)
				InitializePlatformSupportModulesInManaged (18ms)
				SetLoadedEditorAssemblies (0ms)
				RefreshPlugins (1ms)
				BeforeProcessingInitializeOnLoad (84ms)
				ProcessInitializeOnLoadAttributes (279ms)
				ProcessInitializeOnLoadMethodAttributes (31ms)
				AfterProcessingInitializeOnLoad (11ms)
				EditorAssembliesLoaded (0ms)
			ExecutionOrderSort2 (0ms)
			AwakeInstancesAfterBackupRestoration (16ms)
Platform modules already initialized, skipping
Refreshing native plugins compatible for Editor in 0.79 ms, found 3 plugins.
Preloading 0 native plugins for Editor in 0.00 ms.
Unloading 3217 Unused Serialized files (Serialized files now loaded: 0)
Unloading 21 unused Assets / (79.9 KB). Loaded Objects now: 3728.
Memory consumption went from 200.9 MB to 200.8 MB.
Total: 4.324000 ms (FindLiveObjects: 0.749900 ms CreateObjectMapping: 0.590600 ms MarkObjects: 2.894400 ms  DeleteObjects: 0.088100 ms)

AssetImportParameters requested are different than current active one (requested -> active):
  custom:video-decoder-ogg-theora: a1e56fd34408186e4bbccfd4996cb3dc -> 
  custom:container-muxer-webm: aa71ff27fc2769a1b78a27578f13a17b -> 
  custom:container-demuxer-webm: 4f35f7cbe854078d1ac9338744f61a02 -> 
  custom:video-encoder-webm-vp8: eb34c28f22e8b96e1ab97ce403110664 -> 
  custom:audio-encoder-webm-vorbis: bf7c407c2cedff20999df2af8eb42d56 -> 
  custom:framework-win-MediaFoundation: 216162199b28c13a410421893ffa2e32 -> 
  custom:container-demuxer-ogg: 62fdf1f143b41e24485cea50d1cbac27 -> 
  custom:video-decoder-webm-vp8: 9c59270c3fd7afecdb556c50c9e8de78 -> 
  custom:audio-decoder-ogg-vorbis: bf7c407c2cedff20999df2af8eb42d56 -> 
========================================================================
Received Import Request.
  Time since last request: 155.015724 seconds.
  path: Assets/Forest Ruins Pack/Prefabs/Clusters/Ancient Pillar Cluster 01.prefab
  artifactKey: Guid(9e40ef1cd08efc34bb99d732f233e1a5) Importer(815301076,1909f56bfc062723c751e8b465ee728b)
Start importing Assets/Forest Ruins Pack/Prefabs/Clusters/Ancient Pillar Cluster 01.prefab using Guid(9e40ef1cd08efc34bb99d732f233e1a5) Importer(815301076,1909f56bfc062723c751e8b465ee728b)  -> (artifact id: '0f7f7bef231d92ed185a0e32c2e37108') in 0.486424 seconds 
========================================================================
Received Import Request.
  Time since last request: 0.000031 seconds.
  path: Assets/Forest Ruins Pack/Prefabs/Clusters/Concrete Tiles Cluster 01.prefab
  artifactKey: Guid(5c517a5a8627df541bbdc0e66ddb4a3a) Importer(815301076,1909f56bfc062723c751e8b465ee728b)
Start importing Assets/Forest Ruins Pack/Prefabs/Clusters/Concrete Tiles Cluster 01.prefab using Guid(5c517a5a8627df541bbdc0e66ddb4a3a) Importer(815301076,1909f56bfc062723c751e8b465ee728b)  -> (artifact id: '3304bcb4209a95c9146562523b2a0fff') in 0.033053 seconds 
========================================================================
Received Import Request.
  Time since last request: 0.000141 seconds.
  path: Assets/Forest Ruins Pack/Prefabs/Clusters/Tree Cluster 01.prefab
  artifactKey: Guid(62e061346cc956746b1ace3d4e40d6dc) Importer(815301076,1909f56bfc062723c751e8b465ee728b)
Start importing Assets/Forest Ruins Pack/Prefabs/Clusters/Tree Cluster 01.prefab using Guid(62e061346cc956746b1ace3d4e40d6dc) Importer(815301076,1909f56bfc062723c751e8b465ee728b)  -> (artifact id: 'f18b98d1ddf8991763f87f376e8837d8') in 0.315705 seconds 
========================================================================
Received Import Request.
  Time since last request: 0.000034 seconds.
  path: Assets/Forest Ruins Pack/Prefabs/Clusters/Rock Cluster 02.prefab
  artifactKey: Guid(32e6202155378ed4f93735981381117f) Importer(815301076,1909f56bfc062723c751e8b465ee728b)
Start importing Assets/Forest Ruins Pack/Prefabs/Clusters/Rock Cluster 02.prefab using Guid(32e6202155378ed4f93735981381117f) Importer(815301076,1909f56bfc062723c751e8b465ee728b)  -> (artifact id: '0a2c559e86b393f0f02e5a7720317c1e') in 0.022560 seconds 
========================================================================
Received Import Request.
  Time since last request: 0.000033 seconds.
  path: Assets/Forest Ruins Pack/Prefabs/Clusters/Grass Cluster 02.prefab
  artifactKey: Guid(9dd1f9f8e25223a48a085e2318ca0644) Importer(815301076,1909f56bfc062723c751e8b465ee728b)
Start importing Assets/Forest Ruins Pack/Prefabs/Clusters/Grass Cluster 02.prefab using Guid(9dd1f9f8e25223a48a085e2318ca0644) Importer(815301076,1909f56bfc062723c751e8b465ee728b)  -> (artifact id: '425574c829ed5efde52cacb58a3ad09c') in 0.028695 seconds 
========================================================================
Received Import Request.
  Time since last request: 0.000039 seconds.
  path: Assets/Forest Ruins Pack/Prefabs/Clusters/Stone Step Cluster 03.prefab
  artifactKey: Guid(f6fce683487efb5409242171867cb908) Importer(815301076,1909f56bfc062723c751e8b465ee728b)
Start importing Assets/Forest Ruins Pack/Prefabs/Clusters/Stone Step Cluster 03.prefab using Guid(f6fce683487efb5409242171867cb908) Importer(815301076,1909f56bfc062723c751e8b465ee728b)  -> (artifact id: '3dd1131f8dd69cc73ea17f48b7b09214') in 0.022703 seconds 
========================================================================
Received Import Request.
  Time since last request: 0.000026 seconds.
  path: Assets/Forest Ruins Pack/Prefabs/Clusters/Grass Cluster 01.prefab
  artifactKey: Guid(3fbd3e60d667b4c40833a32c88065f56) Importer(815301076,1909f56bfc062723c751e8b465ee728b)
Start importing Assets/Forest Ruins Pack/Prefabs/Clusters/Grass Cluster 01.prefab using Guid(3fbd3e60d667b4c40833a32c88065f56) Importer(815301076,1909f56bfc062723c751e8b465ee728b)  -> (artifact id: '421b902c68aa529368678806ed807f5e') in 0.023323 seconds 
========================================================================
Received Import Request.
  Time since last request: 0.000024 seconds.
  path: Assets/Forest Ruins Pack/Prefabs/Clusters/Tree Cluster 03.prefab
  artifactKey: Guid(893ccd000bf33e1439e3040c8dce6f60) Importer(815301076,1909f56bfc062723c751e8b465ee728b)
Start importing Assets/Forest Ruins Pack/Prefabs/Clusters/Tree Cluster 03.prefab using Guid(893ccd000bf33e1439e3040c8dce6f60) Importer(815301076,1909f56bfc062723c751e8b465ee728b)  -> (artifact id: '7642bdb3014e1a162d580090d0d20008') in 0.029411 seconds 
Editor requested this worker to shutdown with reason: Scaling down because of idle timeout
AssetImportWorker is now disconnected from the server
Process exiting
Exiting without the bug reporter. Application will terminate with return code 0