Using pre-set license
Built from '2021.2/staging' branch; Version is '2021.2.7f1 (6bd9e232123f) revision 7068130'; Using compiler version '192829333'; Build Type 'Release'
OS: 'Windows 11  (10.0.22000) 64bit Core' Language: 'sv' Physical Memory: 16300 MB
BatchMode: 1, IsHumanControllingUs: 0, StartBugReporterOnCrash: 0, Is64bit: 1, IsPro: 0

COMMAND LINE ARGUMENTS:
C:\Program Files\Unity\Hub\Editor\2021.2.7f1\Editor\Unity.exe
-adb2
-batchMode
-noUpm
-name
AssetImportWorker0
-projectPath
C:/Users/Anton/Documents/GitHub/One-TrickGnomes
-logFile
Logs/AssetImportWorker0.log
-srvPort
50272
Successfully changed project path to: C:/Users/Anton/Documents/GitHub/One-TrickGnomes
C:/Users/Anton/Documents/GitHub/One-TrickGnomes
[UnityMemory] Configuration Parameters - Can be set up in boot.config
    "memorysetup-bucket-allocator-granularity=16"
    "memorysetup-bucket-allocator-bucket-count=8"
    "memorysetup-bucket-allocator-block-size=33554432"
    "memorysetup-bucket-allocator-block-count=8"
    "memorysetup-main-allocator-block-size=16777216"
    "memorysetup-thread-allocator-block-size=16777216"
    "memorysetup-gfx-main-allocator-block-size=16777216"
    "memorysetup-gfx-thread-allocator-block-size=16777216"
    "memorysetup-cache-allocator-block-size=4194304"
    "memorysetup-typetree-allocator-block-size=2097152"
    "memorysetup-profiler-bucket-allocator-granularity=16"
    "memorysetup-profiler-bucket-allocator-bucket-count=8"
    "memorysetup-profiler-bucket-allocator-block-size=33554432"
    "memorysetup-profiler-bucket-allocator-block-count=8"
    "memorysetup-profiler-allocator-block-size=16777216"
    "memorysetup-profiler-editor-allocator-block-size=1048576"
    "memorysetup-temp-allocator-size-main=16777216"
    "memorysetup-job-temp-allocator-block-size=2097152"
    "memorysetup-job-temp-allocator-block-size-background=1048576"
    "memorysetup-job-temp-allocator-reduction-small-platforms=262144"
    "memorysetup-temp-allocator-size-background-worker=32768"
    "memorysetup-temp-allocator-size-job-worker=262144"
    "memorysetup-temp-allocator-size-preload-manager=33554432"
    "memorysetup-temp-allocator-size-nav-mesh-worker=65536"
    "memorysetup-temp-allocator-size-audio-worker=65536"
    "memorysetup-temp-allocator-size-cloud-worker=32768"
    "memorysetup-temp-allocator-size-gi-baking-worker=262144"
    "memorysetup-temp-allocator-size-gfx=262144"
Refreshing native plugins compatible for Editor in 88.01 ms, found 0 plugins.
Preloading 0 native plugins for Editor in 0.00 ms.
Initialize engine version: 2021.2.7f1 (6bd9e232123f)
[Subsystems] Discovering subsystems at path C:/Program Files/Unity/Hub/Editor/2021.2.7f1/Editor/Data/Resources/UnitySubsystems
[Subsystems] Discovering subsystems at path C:/Users/Anton/Documents/GitHub/One-TrickGnomes/Assets
GfxDevice: creating device client; threaded=0; jobified=0
Direct3D:
    Version:  Direct3D 11.0 [level 11.1]
    Renderer: NVIDIA GeForce GTX 1080 (ID=0x1b80)
    Vendor:   NVIDIA
    VRAM:     8079 MB
    Driver:   30.0.15.1123
Initialize mono
Mono path[0] = 'C:/Program Files/Unity/Hub/Editor/2021.2.7f1/Editor/Data/Managed'
Mono path[1] = 'C:/Program Files/Unity/Hub/Editor/2021.2.7f1/Editor/Data/MonoBleedingEdge/lib/mono/unityjit-win32'
Mono config path = 'C:/Program Files/Unity/Hub/Editor/2021.2.7f1/Editor/Data/MonoBleedingEdge/etc'
Using monoOptions --debugger-agent=transport=dt_socket,embedding=1,server=y,suspend=n,address=127.0.0.1:56696
Begin MonoManager ReloadAssembly
Registering precompiled unity dll's ...
Register platform support module: C:/Program Files/Unity/Hub/Editor/2021.2.7f1/Editor/Data/PlaybackEngines/WindowsStandaloneSupport/UnityEditor.WindowsStandalone.Extensions.dll
Registered in 0.006316 seconds.
Native extension for WindowsStandalone target not found
Refreshing native plugins compatible for Editor in 98.54 ms, found 0 plugins.
Preloading 0 native plugins for Editor in 0.00 ms.
Mono: successfully reloaded assembly
- Completed reload, in  0.646 seconds
Domain Reload Profiling:
	ReloadAssembly (647ms)
		BeginReloadAssembly (66ms)
			ExecutionOrderSort (0ms)
			DisableScriptedObjects (0ms)
			BackupInstance (0ms)
			ReleaseScriptingObjects (0ms)
			CreateAndSetChildDomain (1ms)
		EndReloadAssembly (499ms)
			LoadAssemblies (65ms)
			RebuildTransferFunctionScriptingTraits (0ms)
			SetupTypeCache (116ms)
			ReleaseScriptCaches (0ms)
			RebuildScriptCaches (29ms)
			SetupLoadedEditorAssemblies (301ms)
				LogAssemblyErrors (0ms)
				InitializePlatformSupportModulesInManaged (14ms)
				SetLoadedEditorAssemblies (0ms)
				RefreshPlugins (99ms)
				BeforeProcessingInitializeOnLoad (1ms)
				ProcessInitializeOnLoadAttributes (140ms)
				ProcessInitializeOnLoadMethodAttributes (47ms)
				AfterProcessingInitializeOnLoad (0ms)
				EditorAssembliesLoaded (0ms)
			ExecutionOrderSort2 (0ms)
			AwakeInstancesAfterBackupRestoration (0ms)
Platform modules already initialized, skipping
Registering precompiled user dll's ...
Registered in 0.005472 seconds.
Begin MonoManager ReloadAssembly
Symbol file LoadedFromMemory doesn't match image C:\Users\Anton\Documents\GitHub\One-TrickGnomes\Library\PackageCache\com.unity.visualscripting@1.7.6\Editor\VisualScripting.Core\Dependencies\YamlDotNet\Unity.VisualScripting.YamlDotNet.dll
Symbol file LoadedFromMemory doesn't match image C:\Users\Anton\Documents\GitHub\One-TrickGnomes\Library\PackageCache\com.unity.visualscripting@1.7.6\Editor\VisualScripting.Core\Dependencies\DotNetZip\Unity.VisualScripting.IonicZip.dll
Native extension for WindowsStandalone target not found
Refreshing native plugins compatible for Editor in 1.09 ms, found 0 plugins.
Preloading 0 native plugins for Editor in 0.00 ms.
Mono: successfully reloaded assembly
- Completed reload, in  0.764 seconds
Domain Reload Profiling:
	ReloadAssembly (764ms)
		BeginReloadAssembly (108ms)
			ExecutionOrderSort (0ms)
			DisableScriptedObjects (8ms)
			BackupInstance (0ms)
			ReleaseScriptingObjects (0ms)
			CreateAndSetChildDomain (18ms)
		EndReloadAssembly (547ms)
			LoadAssemblies (68ms)
			RebuildTransferFunctionScriptingTraits (0ms)
			SetupTypeCache (208ms)
			ReleaseScriptCaches (0ms)
			RebuildScriptCaches (28ms)
			SetupLoadedEditorAssemblies (190ms)
				LogAssemblyErrors (0ms)
				InitializePlatformSupportModulesInManaged (11ms)
				SetLoadedEditorAssemblies (0ms)
				RefreshPlugins (1ms)
				BeforeProcessingInitializeOnLoad (42ms)
				ProcessInitializeOnLoadAttributes (111ms)
				ProcessInitializeOnLoadMethodAttributes (19ms)
				AfterProcessingInitializeOnLoad (5ms)
				EditorAssembliesLoaded (0ms)
			ExecutionOrderSort2 (0ms)
			AwakeInstancesAfterBackupRestoration (8ms)
Platform modules already initialized, skipping
========================================================================
Worker process is ready to serve import requests
Failed to load shader (instanceID 7946, GUID 9c442dc870b456e48b615cd8add0e9ef)
Failed to load shader (instanceID 7952, GUID 493b79ea9c9be44ed8b702014d3ac49c)
Launched and connected shader compiler UnityShaderCompiler.exe after 0.07 seconds
Refreshing native plugins compatible for Editor in 1.07 ms, found 0 plugins.
Preloading 0 native plugins for Editor in 0.00 ms.
Unloading 19 Unused Serialized files (Serialized files now loaded: 0)
Unloading 4 unused Assets / (0.6 MB). Loaded Objects now: 488.
Memory consumption went from 28.9 MB to 28.3 MB.
Total: 1.761000 ms (FindLiveObjects: 0.033400 ms CreateObjectMapping: 0.003300 ms MarkObjects: 1.573600 ms  DeleteObjects: 0.149900 ms)

AssetImportParameters requested are different than current active one (requested -> active):
  custom:video-decoder-ogg-theora: a1e56fd34408186e4bbccfd4996cb3dc -> 
  custom:container-muxer-webm: aa71ff27fc2769a1b78a27578f13a17b -> 
  custom:container-demuxer-webm: 4f35f7cbe854078d1ac9338744f61a02 -> 
  custom:video-encoder-webm-vp8: eb34c28f22e8b96e1ab97ce403110664 -> 
  custom:audio-encoder-webm-vorbis: bf7c407c2cedff20999df2af8eb42d56 -> 
  custom:framework-win-MediaFoundation: 216162199b28c13a410421893ffa2e32 -> 
  custom:container-demuxer-ogg: 62fdf1f143b41e24485cea50d1cbac27 -> 
  custom:video-decoder-webm-vp8: 9c59270c3fd7afecdb556c50c9e8de78 -> 
  custom:audio-decoder-ogg-vorbis: bf7c407c2cedff20999df2af8eb42d56 -> 
========================================================================
Received Import Request.
  Time since last request: 134980.928372 seconds.
  path: Assets/TerrainData_045d3ed3-2c46-4799-9874-135b15233fa3.asset
  artifactKey: Guid(7318fe072fa405044b2923d7a050c580) Importer(815301076,1909f56bfc062723c751e8b465ee728b)
Start importing Assets/TerrainData_045d3ed3-2c46-4799-9874-135b15233fa3.asset using Guid(7318fe072fa405044b2923d7a050c580) Importer(815301076,1909f56bfc062723c751e8b465ee728b)  -> (artifact id: 'ad463a1fd76d19d60fbe3d6b08869d26') in 0.087952 seconds 
========================================================================
Received Import Request.
  Time since last request: 0.000011 seconds.
  path: Assets/TerrainData_5b56cbcf-1bc4-4f2b-9e56-73d9d04ee1c2.asset
  artifactKey: Guid(ccda0aeae15347849921041494a868b4) Importer(815301076,1909f56bfc062723c751e8b465ee728b)
Start importing Assets/TerrainData_5b56cbcf-1bc4-4f2b-9e56-73d9d04ee1c2.asset using Guid(ccda0aeae15347849921041494a868b4) Importer(815301076,1909f56bfc062723c751e8b465ee728b)  -> (artifact id: '16259bfa3b8deb4bdc33956f42d43aad') in 0.013183 seconds 
========================================================================
Received Import Request.
  Time since last request: 0.000014 seconds.
  path: Assets/New Terrain 4.asset
  artifactKey: Guid(890b531a4e5ca694fac339079b0f9c4b) Importer(815301076,1909f56bfc062723c751e8b465ee728b)
Start importing Assets/New Terrain 4.asset using Guid(890b531a4e5ca694fac339079b0f9c4b) Importer(815301076,1909f56bfc062723c751e8b465ee728b)  -> (artifact id: 'b5efd7d1f41a11c781f4523d75660126') in 0.018417 seconds 
========================================================================
Received Import Request.
  Time since last request: 0.000012 seconds.
  path: Assets/New Terrain 2.asset
  artifactKey: Guid(2e18bad8caf78234da3deff3bf6fccec) Importer(815301076,1909f56bfc062723c751e8b465ee728b)
Start importing Assets/New Terrain 2.asset using Guid(2e18bad8caf78234da3deff3bf6fccec) Importer(815301076,1909f56bfc062723c751e8b465ee728b)  -> (artifact id: '10bcb64eceac0e5507c73df981e17813') in 0.014188 seconds 
========================================================================
Received Import Request.
  Time since last request: 0.000012 seconds.
  path: Assets/New Render Texture.renderTexture
  artifactKey: Guid(80dcca087951b234fbac211a627738fe) Importer(815301076,1909f56bfc062723c751e8b465ee728b)
Start importing Assets/New Render Texture.renderTexture using Guid(80dcca087951b234fbac211a627738fe) Importer(815301076,1909f56bfc062723c751e8b465ee728b)  -> (artifact id: 'bae788965eac274e769486e8642d298c') in 0.035374 seconds 
========================================================================
Received Import Request.
  Time since last request: 0.000012 seconds.
  path: Assets/New Terrain 5.asset
  artifactKey: Guid(3123e8cafae2b9342b373d072969ff5a) Importer(815301076,1909f56bfc062723c751e8b465ee728b)
Start importing Assets/New Terrain 5.asset using Guid(3123e8cafae2b9342b373d072969ff5a) Importer(815301076,1909f56bfc062723c751e8b465ee728b)  -> (artifact id: 'fa8848a2c2b1757e302f91f85b08e76b') in 0.030190 seconds 
========================================================================
Received Import Request.
  Time since last request: 0.000012 seconds.
  path: Assets/TerrainData_5427b546-c640-4177-9d0d-3afc7ebbb4e5.asset
  artifactKey: Guid(b5516fca545a82b48b48e3e741c02a75) Importer(815301076,1909f56bfc062723c751e8b465ee728b)
Start importing Assets/TerrainData_5427b546-c640-4177-9d0d-3afc7ebbb4e5.asset using Guid(b5516fca545a82b48b48e3e741c02a75) Importer(815301076,1909f56bfc062723c751e8b465ee728b)  -> (artifact id: '1dd80c5f3b1ba7b128be6ac89f1d6bfd') in 0.011861 seconds 
========================================================================
Received Import Request.
  Time since last request: 0.000015 seconds.
  path: Assets/TerrainData_5b75c73b-6673-4b9e-820c-92d89f74f6bc.asset
  artifactKey: Guid(f8a60f922dc1cc84aa6848c56f933ca1) Importer(815301076,1909f56bfc062723c751e8b465ee728b)
Start importing Assets/TerrainData_5b75c73b-6673-4b9e-820c-92d89f74f6bc.asset using Guid(f8a60f922dc1cc84aa6848c56f933ca1) Importer(815301076,1909f56bfc062723c751e8b465ee728b)  -> (artifact id: '645ee2b814cd4558375b7c510712fc54') in 0.016754 seconds 
========================================================================
Received Import Request.
  Time since last request: 0.000018 seconds.
  path: Assets/New Terrain 1.asset
  artifactKey: Guid(4d670051a5631834f84b77d15090491f) Importer(815301076,1909f56bfc062723c751e8b465ee728b)
Start importing Assets/New Terrain 1.asset using Guid(4d670051a5631834f84b77d15090491f) Importer(815301076,1909f56bfc062723c751e8b465ee728b)  -> (artifact id: '3c738102601a8a9936f28333d670dbb4') in 0.012941 seconds 
========================================================================
Received Import Request.
  Time since last request: 0.000012 seconds.
  path: Assets/TerrainData_7180204f-03ed-47e3-b7bb-5b73d4abd04b.asset
  artifactKey: Guid(b229b75c3e5a18f4e806dfc552203c60) Importer(815301076,1909f56bfc062723c751e8b465ee728b)
Start importing Assets/TerrainData_7180204f-03ed-47e3-b7bb-5b73d4abd04b.asset using Guid(b229b75c3e5a18f4e806dfc552203c60) Importer(815301076,1909f56bfc062723c751e8b465ee728b)  -> (artifact id: 'c442618e8624229602c58e8b3eb1293d') in 0.013447 seconds 
========================================================================
Received Import Request.
  Time since last request: 0.000011 seconds.
  path: Assets/Level_Scenes
  artifactKey: Guid(3e5878fbffacec64d8e61a7faa818f68) Importer(815301076,1909f56bfc062723c751e8b465ee728b)
Start importing Assets/Level_Scenes using Guid(3e5878fbffacec64d8e61a7faa818f68) Importer(815301076,1909f56bfc062723c751e8b465ee728b)  -> (artifact id: '46075251b2df3a8fc6b7b458b46af289') in 0.005993 seconds 
========================================================================
Received Import Request.
  Time since last request: 0.000019 seconds.
  path: Assets/New Terrain 3.asset
  artifactKey: Guid(8d774101e0756ce46b494f8e34b01904) Importer(815301076,1909f56bfc062723c751e8b465ee728b)
Start importing Assets/New Terrain 3.asset using Guid(8d774101e0756ce46b494f8e34b01904) Importer(815301076,1909f56bfc062723c751e8b465ee728b)  -> (artifact id: '609ab69df821e3cf674a55ccd02a4b77') in 0.016841 seconds 
========================================================================
Received Import Request.
  Time since last request: 0.000012 seconds.
  path: Assets/New Terrain.asset
  artifactKey: Guid(5ce4ac62ddfb59a4d851fa5e16274975) Importer(815301076,1909f56bfc062723c751e8b465ee728b)
Start importing Assets/New Terrain.asset using Guid(5ce4ac62ddfb59a4d851fa5e16274975) Importer(815301076,1909f56bfc062723c751e8b465ee728b)  -> (artifact id: 'f846710f04543f40ce23328f2fd2e003') in 0.015591 seconds 
========================================================================
Received Import Request.
  Time since last request: 0.000013 seconds.
  path: Assets/TerrainData_f96d8bb3-dec9-4152-a1d0-02f76301ad73.asset
  artifactKey: Guid(81af873c9a223d34f87552a0a46e6a03) Importer(815301076,1909f56bfc062723c751e8b465ee728b)
Start importing Assets/TerrainData_f96d8bb3-dec9-4152-a1d0-02f76301ad73.asset using Guid(81af873c9a223d34f87552a0a46e6a03) Importer(815301076,1909f56bfc062723c751e8b465ee728b)  -> (artifact id: '2c9975d50eaceb973323fc54db53ebb4') in 0.010917 seconds 
========================================================================
Received Import Request.
  Time since last request: 1.162579 seconds.
  path: Assets/Level_Scenes/Level_1.unity
  artifactKey: Guid(a98145047c9237345a582aa2b3df8001) Importer(815301076,1909f56bfc062723c751e8b465ee728b)
Start importing Assets/Level_Scenes/Level_1.unity using Guid(a98145047c9237345a582aa2b3df8001) Importer(815301076,1909f56bfc062723c751e8b465ee728b)  -> (artifact id: '738d1fbbfad4a968110b077449e35015') in 0.007688 seconds 
