Using pre-set license
Built from '2021.2/staging' branch; Version is '2021.2.7f1 (6bd9e232123f) revision 7068130'; Using compiler version '192829333'; Build Type 'Release'
<<<<<<< HEAD
<<<<<<< HEAD
<<<<<<< HEAD
<<<<<<< HEAD
OS: 'Windows 10  (10.0.19043) 64bit Professional' Language: 'sv' Physical Memory: 32709 MB
=======
OS: 'Windows 11  (10.0.22000) 64bit Core' Language: 'sv' Physical Memory: 16300 MB
>>>>>>> parent of 93707401 (Delete Logs directory)
=======
OS: 'Windows 11  (10.0.22000) 64bit Core' Language: 'sv' Physical Memory: 16300 MB
>>>>>>> parent of 93707401 (Delete Logs directory)
=======
OS: 'Windows 11  (10.0.22000) 64bit Core' Language: 'sv' Physical Memory: 16300 MB
>>>>>>> parent of 93707401 (Delete Logs directory)
=======
OS: 'Windows 10  (10.0.19043) 64bit Professional' Language: 'sv' Physical Memory: 32709 MB
>>>>>>> parent of 81a6941a (Logskit)
BatchMode: 1, IsHumanControllingUs: 0, StartBugReporterOnCrash: 0, Is64bit: 1, IsPro: 0

COMMAND LINE ARGUMENTS:
C:\Program Files\Unity\Hub\Editor\2021.2.7f1\Editor\Unity.exe
-adb2
-batchMode
-noUpm
-name
AssetImportWorker2
-projectPath
<<<<<<< HEAD
<<<<<<< HEAD
<<<<<<< HEAD
<<<<<<< HEAD
G:/2222 Unity projects/One-TrickGnomes
-logFile
Logs/AssetImportWorker2.log
-srvPort
65242
Successfully changed project path to: G:/2222 Unity projects/One-TrickGnomes
G:/2222 Unity projects/One-TrickGnomes
=======
=======
>>>>>>> parent of 93707401 (Delete Logs directory)
=======
>>>>>>> parent of 93707401 (Delete Logs directory)
C:/Users/Anton/Documents/GitHub/One-TrickGnomes
-logFile
Logs/AssetImportWorker2.log
-srvPort
50967
Successfully changed project path to: C:/Users/Anton/Documents/GitHub/One-TrickGnomes
C:/Users/Anton/Documents/GitHub/One-TrickGnomes
<<<<<<< HEAD
<<<<<<< HEAD
>>>>>>> parent of 93707401 (Delete Logs directory)
=======
>>>>>>> parent of 93707401 (Delete Logs directory)
=======
>>>>>>> parent of 93707401 (Delete Logs directory)
=======
G:/2222 Unity projects/One-TrickGnomes
-logFile
Logs/AssetImportWorker2.log
-srvPort
65242
Successfully changed project path to: G:/2222 Unity projects/One-TrickGnomes
G:/2222 Unity projects/One-TrickGnomes
>>>>>>> parent of 81a6941a (Logskit)
[UnityMemory] Configuration Parameters - Can be set up in boot.config
    "memorysetup-bucket-allocator-granularity=16"
    "memorysetup-bucket-allocator-bucket-count=8"
    "memorysetup-bucket-allocator-block-size=33554432"
    "memorysetup-bucket-allocator-block-count=8"
    "memorysetup-main-allocator-block-size=16777216"
    "memorysetup-thread-allocator-block-size=16777216"
    "memorysetup-gfx-main-allocator-block-size=16777216"
    "memorysetup-gfx-thread-allocator-block-size=16777216"
    "memorysetup-cache-allocator-block-size=4194304"
    "memorysetup-typetree-allocator-block-size=2097152"
    "memorysetup-profiler-bucket-allocator-granularity=16"
    "memorysetup-profiler-bucket-allocator-bucket-count=8"
    "memorysetup-profiler-bucket-allocator-block-size=33554432"
    "memorysetup-profiler-bucket-allocator-block-count=8"
    "memorysetup-profiler-allocator-block-size=16777216"
    "memorysetup-profiler-editor-allocator-block-size=1048576"
    "memorysetup-temp-allocator-size-main=16777216"
    "memorysetup-job-temp-allocator-block-size=2097152"
    "memorysetup-job-temp-allocator-block-size-background=1048576"
    "memorysetup-job-temp-allocator-reduction-small-platforms=262144"
    "memorysetup-temp-allocator-size-background-worker=32768"
    "memorysetup-temp-allocator-size-job-worker=262144"
    "memorysetup-temp-allocator-size-preload-manager=33554432"
    "memorysetup-temp-allocator-size-nav-mesh-worker=65536"
    "memorysetup-temp-allocator-size-audio-worker=65536"
    "memorysetup-temp-allocator-size-cloud-worker=32768"
    "memorysetup-temp-allocator-size-gi-baking-worker=262144"
    "memorysetup-temp-allocator-size-gfx=262144"
<<<<<<< HEAD
<<<<<<< HEAD
<<<<<<< HEAD
<<<<<<< HEAD
Refreshing native plugins compatible for Editor in 109.81 ms, found 3 plugins.
Preloading 0 native plugins for Editor in 0.00 ms.
Initialize engine version: 2021.2.7f1 (6bd9e232123f)
[Subsystems] Discovering subsystems at path C:/Program Files/Unity/Hub/Editor/2021.2.7f1/Editor/Data/Resources/UnitySubsystems
[Subsystems] Discovering subsystems at path G:/2222 Unity projects/One-TrickGnomes/Assets
GfxDevice: creating device client; threaded=0; jobified=0
Direct3D:
    Version:  Direct3D 11.0 [level 11.1]
    Renderer: NVIDIA GeForce GTX 970 (ID=0x13c2)
    Vendor:   NVIDIA
    VRAM:     4043 MB
    Driver:   30.0.14.7168
=======
=======
>>>>>>> parent of 93707401 (Delete Logs directory)
=======
>>>>>>> parent of 93707401 (Delete Logs directory)
Refreshing native plugins compatible for Editor in 127.91 ms, found 3 plugins.
=======
Refreshing native plugins compatible for Editor in 109.81 ms, found 3 plugins.
>>>>>>> parent of 81a6941a (Logskit)
Preloading 0 native plugins for Editor in 0.00 ms.
Initialize engine version: 2021.2.7f1 (6bd9e232123f)
[Subsystems] Discovering subsystems at path C:/Program Files/Unity/Hub/Editor/2021.2.7f1/Editor/Data/Resources/UnitySubsystems
[Subsystems] Discovering subsystems at path G:/2222 Unity projects/One-TrickGnomes/Assets
GfxDevice: creating device client; threaded=0; jobified=0
Direct3D:
    Version:  Direct3D 11.0 [level 11.1]
    Renderer: NVIDIA GeForce GTX 970 (ID=0x13c2)
    Vendor:   NVIDIA
<<<<<<< HEAD
    VRAM:     8079 MB
    Driver:   30.0.15.1123
<<<<<<< HEAD
<<<<<<< HEAD
>>>>>>> parent of 93707401 (Delete Logs directory)
=======
>>>>>>> parent of 93707401 (Delete Logs directory)
=======
>>>>>>> parent of 93707401 (Delete Logs directory)
=======
    VRAM:     4043 MB
    Driver:   30.0.14.7168
>>>>>>> parent of 81a6941a (Logskit)
Initialize mono
Mono path[0] = 'C:/Program Files/Unity/Hub/Editor/2021.2.7f1/Editor/Data/Managed'
Mono path[1] = 'C:/Program Files/Unity/Hub/Editor/2021.2.7f1/Editor/Data/MonoBleedingEdge/lib/mono/unityjit-win32'
Mono config path = 'C:/Program Files/Unity/Hub/Editor/2021.2.7f1/Editor/Data/MonoBleedingEdge/etc'
<<<<<<< HEAD
<<<<<<< HEAD
<<<<<<< HEAD
<<<<<<< HEAD
Using monoOptions --debugger-agent=transport=dt_socket,embedding=1,server=y,suspend=n,address=127.0.0.1:56364
Begin MonoManager ReloadAssembly
Registering precompiled unity dll's ...
Register platform support module: C:/Program Files/Unity/Hub/Editor/2021.2.7f1/Editor/Data/PlaybackEngines/WindowsStandaloneSupport/UnityEditor.WindowsStandalone.Extensions.dll
Registered in 0.009890 seconds.
Native extension for WindowsStandalone target not found
Refreshing native plugins compatible for Editor in 115.02 ms, found 3 plugins.
Preloading 0 native plugins for Editor in 0.00 ms.
Mono: successfully reloaded assembly
- Completed reload, in  1.178 seconds
Domain Reload Profiling:
	ReloadAssembly (1179ms)
		BeginReloadAssembly (352ms)
=======
=======
>>>>>>> parent of 93707401 (Delete Logs directory)
=======
>>>>>>> parent of 93707401 (Delete Logs directory)
Using monoOptions --debugger-agent=transport=dt_socket,embedding=1,server=y,suspend=n,address=127.0.0.1:56676
=======
Using monoOptions --debugger-agent=transport=dt_socket,embedding=1,server=y,suspend=n,address=127.0.0.1:56364
>>>>>>> parent of 81a6941a (Logskit)
Begin MonoManager ReloadAssembly
Registering precompiled unity dll's ...
Register platform support module: C:/Program Files/Unity/Hub/Editor/2021.2.7f1/Editor/Data/PlaybackEngines/WindowsStandaloneSupport/UnityEditor.WindowsStandalone.Extensions.dll
Registered in 0.009890 seconds.
Native extension for WindowsStandalone target not found
Refreshing native plugins compatible for Editor in 115.02 ms, found 3 plugins.
Preloading 0 native plugins for Editor in 0.00 ms.
Mono: successfully reloaded assembly
- Completed reload, in  1.178 seconds
Domain Reload Profiling:
<<<<<<< HEAD
	ReloadAssembly (940ms)
		BeginReloadAssembly (122ms)
<<<<<<< HEAD
<<<<<<< HEAD
>>>>>>> parent of 93707401 (Delete Logs directory)
=======
>>>>>>> parent of 93707401 (Delete Logs directory)
=======
>>>>>>> parent of 93707401 (Delete Logs directory)
=======
	ReloadAssembly (1179ms)
		BeginReloadAssembly (352ms)
>>>>>>> parent of 81a6941a (Logskit)
			ExecutionOrderSort (0ms)
			DisableScriptedObjects (0ms)
			BackupInstance (0ms)
			ReleaseScriptingObjects (0ms)
			CreateAndSetChildDomain (1ms)
<<<<<<< HEAD
<<<<<<< HEAD
<<<<<<< HEAD
<<<<<<< HEAD
		EndReloadAssembly (699ms)
			LoadAssemblies (347ms)
			RebuildTransferFunctionScriptingTraits (0ms)
			SetupTypeCache (165ms)
			ReleaseScriptCaches (0ms)
			RebuildScriptCaches (39ms)
			SetupLoadedEditorAssemblies (416ms)
				LogAssemblyErrors (0ms)
				InitializePlatformSupportModulesInManaged (25ms)
				SetLoadedEditorAssemblies (0ms)
				RefreshPlugins (115ms)
				BeforeProcessingInitializeOnLoad (2ms)
				ProcessInitializeOnLoadAttributes (208ms)
				ProcessInitializeOnLoadMethodAttributes (66ms)
=======
=======
>>>>>>> parent of 93707401 (Delete Logs directory)
=======
>>>>>>> parent of 93707401 (Delete Logs directory)
		EndReloadAssembly (704ms)
			LoadAssemblies (120ms)
=======
		EndReloadAssembly (699ms)
			LoadAssemblies (347ms)
>>>>>>> parent of 81a6941a (Logskit)
			RebuildTransferFunctionScriptingTraits (0ms)
			SetupTypeCache (165ms)
			ReleaseScriptCaches (0ms)
			RebuildScriptCaches (39ms)
			SetupLoadedEditorAssemblies (416ms)
				LogAssemblyErrors (0ms)
				InitializePlatformSupportModulesInManaged (25ms)
				SetLoadedEditorAssemblies (0ms)
<<<<<<< HEAD
				RefreshPlugins (147ms)
				BeforeProcessingInitializeOnLoad (1ms)
				ProcessInitializeOnLoadAttributes (188ms)
				ProcessInitializeOnLoadMethodAttributes (73ms)
<<<<<<< HEAD
<<<<<<< HEAD
>>>>>>> parent of 93707401 (Delete Logs directory)
=======
>>>>>>> parent of 93707401 (Delete Logs directory)
=======
>>>>>>> parent of 93707401 (Delete Logs directory)
=======
				RefreshPlugins (115ms)
				BeforeProcessingInitializeOnLoad (2ms)
				ProcessInitializeOnLoadAttributes (208ms)
				ProcessInitializeOnLoadMethodAttributes (66ms)
>>>>>>> parent of 81a6941a (Logskit)
				AfterProcessingInitializeOnLoad (0ms)
				EditorAssembliesLoaded (0ms)
			ExecutionOrderSort2 (0ms)
			AwakeInstancesAfterBackupRestoration (0ms)
Platform modules already initialized, skipping
Registering precompiled user dll's ...
<<<<<<< HEAD
<<<<<<< HEAD
<<<<<<< HEAD
<<<<<<< HEAD
Registered in 0.006177 seconds.
Begin MonoManager ReloadAssembly
Symbol file LoadedFromMemory doesn't match image G:\2222 Unity projects\One-TrickGnomes\Library\PackageCache\com.unity.visualscripting@1.7.6\Editor\VisualScripting.Core\Dependencies\YamlDotNet\Unity.VisualScripting.YamlDotNet.dll
Symbol file LoadedFromMemory doesn't match image G:\2222 Unity projects\One-TrickGnomes\Library\PackageCache\com.unity.visualscripting@1.7.6\Editor\VisualScripting.Core\Dependencies\DotNetZip\Unity.VisualScripting.IonicZip.dll
Native extension for WindowsStandalone target not found
Refreshing native plugins compatible for Editor in 0.86 ms, found 3 plugins.
Preloading 0 native plugins for Editor in 0.00 ms.
Mono: successfully reloaded assembly
- Completed reload, in  1.513 seconds
Domain Reload Profiling:
	ReloadAssembly (1515ms)
		BeginReloadAssembly (172ms)
			ExecutionOrderSort (0ms)
			DisableScriptedObjects (9ms)
			BackupInstance (0ms)
			ReleaseScriptingObjects (0ms)
			CreateAndSetChildDomain (27ms)
		EndReloadAssembly (1199ms)
			LoadAssemblies (113ms)
			RebuildTransferFunctionScriptingTraits (0ms)
			SetupTypeCache (430ms)
			ReleaseScriptCaches (1ms)
			RebuildScriptCaches (78ms)
			SetupLoadedEditorAssemblies (528ms)
				LogAssemblyErrors (0ms)
				InitializePlatformSupportModulesInManaged (16ms)
				SetLoadedEditorAssemblies (0ms)
				RefreshPlugins (1ms)
				BeforeProcessingInitializeOnLoad (116ms)
				ProcessInitializeOnLoadAttributes (351ms)
				ProcessInitializeOnLoadMethodAttributes (32ms)
				AfterProcessingInitializeOnLoad (12ms)
				EditorAssembliesLoaded (0ms)
			ExecutionOrderSort2 (0ms)
			AwakeInstancesAfterBackupRestoration (8ms)
Platform modules already initialized, skipping
========================================================================
Worker process is ready to serve import requests
Launched and connected shader compiler UnityShaderCompiler.exe after 0.11 seconds
Refreshing native plugins compatible for Editor in 0.99 ms, found 3 plugins.
Preloading 0 native plugins for Editor in 0.00 ms.
Unloading 3226 Unused Serialized files (Serialized files now loaded: 0)
Unloading 25 unused Assets / (87.4 KB). Loaded Objects now: 3713.
Memory consumption went from 199.6 MB to 199.5 MB.
Total: 5.872100 ms (FindLiveObjects: 0.818600 ms CreateObjectMapping: 0.321400 ms MarkObjects: 4.595900 ms  DeleteObjects: 0.135100 ms)
=======
=======
>>>>>>> parent of 93707401 (Delete Logs directory)
=======
>>>>>>> parent of 93707401 (Delete Logs directory)
Registered in 0.007301 seconds.
=======
Registered in 0.006177 seconds.
>>>>>>> parent of 81a6941a (Logskit)
Begin MonoManager ReloadAssembly
Symbol file LoadedFromMemory doesn't match image G:\2222 Unity projects\One-TrickGnomes\Library\PackageCache\com.unity.visualscripting@1.7.6\Editor\VisualScripting.Core\Dependencies\YamlDotNet\Unity.VisualScripting.YamlDotNet.dll
Symbol file LoadedFromMemory doesn't match image G:\2222 Unity projects\One-TrickGnomes\Library\PackageCache\com.unity.visualscripting@1.7.6\Editor\VisualScripting.Core\Dependencies\DotNetZip\Unity.VisualScripting.IonicZip.dll
Native extension for WindowsStandalone target not found
Refreshing native plugins compatible for Editor in 0.86 ms, found 3 plugins.
Preloading 0 native plugins for Editor in 0.00 ms.
Mono: successfully reloaded assembly
- Completed reload, in  1.513 seconds
Domain Reload Profiling:
	ReloadAssembly (1515ms)
		BeginReloadAssembly (172ms)
			ExecutionOrderSort (0ms)
			DisableScriptedObjects (9ms)
			BackupInstance (0ms)
			ReleaseScriptingObjects (0ms)
			CreateAndSetChildDomain (27ms)
		EndReloadAssembly (1199ms)
			LoadAssemblies (113ms)
			RebuildTransferFunctionScriptingTraits (0ms)
			SetupTypeCache (430ms)
			ReleaseScriptCaches (1ms)
			RebuildScriptCaches (78ms)
			SetupLoadedEditorAssemblies (528ms)
				LogAssemblyErrors (0ms)
				InitializePlatformSupportModulesInManaged (16ms)
				SetLoadedEditorAssemblies (0ms)
				RefreshPlugins (1ms)
				BeforeProcessingInitializeOnLoad (116ms)
				ProcessInitializeOnLoadAttributes (351ms)
				ProcessInitializeOnLoadMethodAttributes (32ms)
				AfterProcessingInitializeOnLoad (12ms)
				EditorAssembliesLoaded (0ms)
			ExecutionOrderSort2 (0ms)
			AwakeInstancesAfterBackupRestoration (8ms)
Platform modules already initialized, skipping
========================================================================
Worker process is ready to serve import requests
Launched and connected shader compiler UnityShaderCompiler.exe after 0.11 seconds
Refreshing native plugins compatible for Editor in 0.99 ms, found 3 plugins.
Preloading 0 native plugins for Editor in 0.00 ms.
Unloading 3226 Unused Serialized files (Serialized files now loaded: 0)
Unloading 25 unused Assets / (87.4 KB). Loaded Objects now: 3713.
<<<<<<< HEAD
Memory consumption went from 199.8 MB to 199.7 MB.
Total: 7.402000 ms (FindLiveObjects: 0.230400 ms CreateObjectMapping: 0.207000 ms MarkObjects: 2.831700 ms  DeleteObjects: 4.132000 ms)
<<<<<<< HEAD
<<<<<<< HEAD
>>>>>>> parent of 93707401 (Delete Logs directory)
=======
>>>>>>> parent of 93707401 (Delete Logs directory)
=======
>>>>>>> parent of 93707401 (Delete Logs directory)
=======
Memory consumption went from 199.6 MB to 199.5 MB.
Total: 5.872100 ms (FindLiveObjects: 0.818600 ms CreateObjectMapping: 0.321400 ms MarkObjects: 4.595900 ms  DeleteObjects: 0.135100 ms)
>>>>>>> parent of 81a6941a (Logskit)

AssetImportParameters requested are different than current active one (requested -> active):
  custom:video-decoder-ogg-theora: a1e56fd34408186e4bbccfd4996cb3dc -> 
  custom:container-muxer-webm: aa71ff27fc2769a1b78a27578f13a17b -> 
  custom:container-demuxer-webm: 4f35f7cbe854078d1ac9338744f61a02 -> 
  custom:video-encoder-webm-vp8: eb34c28f22e8b96e1ab97ce403110664 -> 
  custom:audio-encoder-webm-vorbis: bf7c407c2cedff20999df2af8eb42d56 -> 
  custom:framework-win-MediaFoundation: 216162199b28c13a410421893ffa2e32 -> 
  custom:container-demuxer-ogg: 62fdf1f143b41e24485cea50d1cbac27 -> 
  custom:video-decoder-webm-vp8: 9c59270c3fd7afecdb556c50c9e8de78 -> 
  custom:audio-decoder-ogg-vorbis: bf7c407c2cedff20999df2af8eb42d56 -> 
========================================================================
Received Import Request.
<<<<<<< HEAD
<<<<<<< HEAD
<<<<<<< HEAD
<<<<<<< HEAD
=======
>>>>>>> parent of 81a6941a (Logskit)
  Time since last request: 72013.350058 seconds.
  path: Assets/New Terrain 2.asset
  artifactKey: Guid(2e18bad8caf78234da3deff3bf6fccec) Importer(815301076,1909f56bfc062723c751e8b465ee728b)
Start importing Assets/New Terrain 2.asset using Guid(2e18bad8caf78234da3deff3bf6fccec) Importer(815301076,1909f56bfc062723c751e8b465ee728b)  -> (artifact id: 'b87c00dfffd766bb361d542f457c9ee5') in 0.521913 seconds 
<<<<<<< HEAD
========================================================================
Received Import Request.
  Time since last request: 27.291540 seconds.
  path: Assets/_Gloomy_Wizard/Script/AniPlayWizard.cs
  artifactKey: Guid(8393db73094f5a74d982102344b3c100) Importer(815301076,1909f56bfc062723c751e8b465ee728b)
Start importing Assets/_Gloomy_Wizard/Script/AniPlayWizard.cs using Guid(8393db73094f5a74d982102344b3c100) Importer(815301076,1909f56bfc062723c751e8b465ee728b)  -> (artifact id: '554ea081a35ce2541bfb9bf6362fb398') in 0.009993 seconds 
=======
=======
>>>>>>> parent of 93707401 (Delete Logs directory)
=======
>>>>>>> parent of 93707401 (Delete Logs directory)
  Time since last request: 134317.968087 seconds.
  path: Assets/Cemetery Pack Cute Series/Prefabs/Platform 01.prefab
  artifactKey: Guid(feeb75e7aa0f8b245b572c4f79f56d72) Importer(815301076,1909f56bfc062723c751e8b465ee728b)
Start importing Assets/Cemetery Pack Cute Series/Prefabs/Platform 01.prefab using Guid(feeb75e7aa0f8b245b572c4f79f56d72) Importer(815301076,1909f56bfc062723c751e8b465ee728b)  -> (artifact id: '065036967056984e747524f99ed63087') in 0.302736 seconds 
========================================================================
Received Import Request.
  Time since last request: 0.000022 seconds.
  path: Assets/Cemetery Pack Cute Series/Prefabs/Step 02.prefab
  artifactKey: Guid(1a40b06a1bbce0c49bb3d198a479da0d) Importer(815301076,1909f56bfc062723c751e8b465ee728b)
Start importing Assets/Cemetery Pack Cute Series/Prefabs/Step 02.prefab using Guid(1a40b06a1bbce0c49bb3d198a479da0d) Importer(815301076,1909f56bfc062723c751e8b465ee728b)  -> (artifact id: '3b7e125159cdc988d340abcd6a3ca7c0') in 0.061362 seconds 
========================================================================
Received Import Request.
  Time since last request: 0.000057 seconds.
  path: Assets/Cemetery Pack Cute Series/Prefabs/Step 03.prefab
  artifactKey: Guid(43ccfa9c6b07d9a48abc610549f400b1) Importer(815301076,1909f56bfc062723c751e8b465ee728b)
Start importing Assets/Cemetery Pack Cute Series/Prefabs/Step 03.prefab using Guid(43ccfa9c6b07d9a48abc610549f400b1) Importer(815301076,1909f56bfc062723c751e8b465ee728b)  -> (artifact id: 'd607500db19c21370745c95f155f9c07') in 0.047845 seconds 
========================================================================
Received Import Request.
  Time since last request: 0.000020 seconds.
  path: Assets/Cemetery Pack Cute Series/Prefabs/Ground 01.prefab
  artifactKey: Guid(2649473d83dfdc34eaf21e5091c1cd15) Importer(815301076,1909f56bfc062723c751e8b465ee728b)
Start importing Assets/Cemetery Pack Cute Series/Prefabs/Ground 01.prefab using Guid(2649473d83dfdc34eaf21e5091c1cd15) Importer(815301076,1909f56bfc062723c751e8b465ee728b)  -> (artifact id: '2d8267f9c68ea2ab40c1fc8c04e07e3e') in 0.036297 seconds 
========================================================================
Received Import Request.
  Time since last request: 0.000019 seconds.
  path: Assets/Cemetery Pack Cute Series/Prefabs/Ruin 06.prefab
  artifactKey: Guid(589aa43427265784dae20ffcd8000863) Importer(815301076,1909f56bfc062723c751e8b465ee728b)
Start importing Assets/Cemetery Pack Cute Series/Prefabs/Ruin 06.prefab using Guid(589aa43427265784dae20ffcd8000863) Importer(815301076,1909f56bfc062723c751e8b465ee728b)  -> (artifact id: '2d1f04edbab27b36e5343f2c31f44df4') in 0.038839 seconds 
========================================================================
Received Import Request.
  Time since last request: 0.000303 seconds.
  path: Assets/Cemetery Pack Cute Series/Prefabs/Ground Stone 01.prefab
  artifactKey: Guid(115fd50c9433b6b4f85dde5e279bf368) Importer(815301076,1909f56bfc062723c751e8b465ee728b)
Start importing Assets/Cemetery Pack Cute Series/Prefabs/Ground Stone 01.prefab using Guid(115fd50c9433b6b4f85dde5e279bf368) Importer(815301076,1909f56bfc062723c751e8b465ee728b)  -> (artifact id: '22520ef61da9c6168a89bb5a22010385') in 0.028638 seconds 
========================================================================
Received Import Request.
  Time since last request: 0.000341 seconds.
  path: Assets/Cemetery Pack Cute Series/Prefabs/Bush 01.prefab
  artifactKey: Guid(92843729f7e4d284692538d2db5ebc0b) Importer(815301076,1909f56bfc062723c751e8b465ee728b)
Start importing Assets/Cemetery Pack Cute Series/Prefabs/Bush 01.prefab using Guid(92843729f7e4d284692538d2db5ebc0b) Importer(815301076,1909f56bfc062723c751e8b465ee728b)  -> (artifact id: 'bb6e2a99355152e98c05f55c813881ae') in 0.045345 seconds 
========================================================================
Received Import Request.
  Time since last request: 0.000023 seconds.
  path: Assets/Cemetery Pack Cute Series/Prefabs/Ground Stone 03.prefab
  artifactKey: Guid(87f08d2bdd9f231429e82dd2ab9c5680) Importer(815301076,1909f56bfc062723c751e8b465ee728b)
Start importing Assets/Cemetery Pack Cute Series/Prefabs/Ground Stone 03.prefab using Guid(87f08d2bdd9f231429e82dd2ab9c5680) Importer(815301076,1909f56bfc062723c751e8b465ee728b)  -> (artifact id: 'a8207360063d6b3f183f130d21694086') in 0.040451 seconds 
========================================================================
Received Import Request.
  Time since last request: 0.000020 seconds.
  path: Assets/Cemetery Pack Cute Series/Prefabs/Tree 06 Single Sided .prefab
  artifactKey: Guid(8b10ab991d694724a949da357a1ff000) Importer(815301076,1909f56bfc062723c751e8b465ee728b)
Start importing Assets/Cemetery Pack Cute Series/Prefabs/Tree 06 Single Sided .prefab using Guid(8b10ab991d694724a949da357a1ff000) Importer(815301076,1909f56bfc062723c751e8b465ee728b)  -> (artifact id: 'da2a8e5e23048c5ef9953539f4dfb28f') in 0.036413 seconds 
========================================================================
Received Prepare
Registering precompiled user dll's ...
Registered in 0.004816 seconds.
Begin MonoManager ReloadAssembly
Symbol file LoadedFromMemory doesn't match image C:\Users\Anton\Documents\GitHub\One-TrickGnomes\Library\PackageCache\com.unity.visualscripting@1.7.6\Editor\VisualScripting.Core\Dependencies\YamlDotNet\Unity.VisualScripting.YamlDotNet.dll
Symbol file LoadedFromMemory doesn't match image C:\Users\Anton\Documents\GitHub\One-TrickGnomes\Library\PackageCache\com.unity.visualscripting@1.7.6\Editor\VisualScripting.Core\Dependencies\DotNetZip\Unity.VisualScripting.IonicZip.dll
Native extension for WindowsStandalone target not found
Refreshing native plugins compatible for Editor in 0.45 ms, found 3 plugins.
Preloading 0 native plugins for Editor in 0.00 ms.
Mono: successfully reloaded assembly
- Completed reload, in  1.209 seconds
Domain Reload Profiling:
	ReloadAssembly (1210ms)
		BeginReloadAssembly (156ms)
			ExecutionOrderSort (0ms)
			DisableScriptedObjects (6ms)
			BackupInstance (0ms)
			ReleaseScriptingObjects (0ms)
			CreateAndSetChildDomain (45ms)
		EndReloadAssembly (934ms)
			LoadAssemblies (95ms)
			RebuildTransferFunctionScriptingTraits (0ms)
			SetupTypeCache (342ms)
			ReleaseScriptCaches (1ms)
			RebuildScriptCaches (48ms)
			SetupLoadedEditorAssemblies (382ms)
				LogAssemblyErrors (0ms)
				InitializePlatformSupportModulesInManaged (20ms)
				SetLoadedEditorAssemblies (0ms)
				RefreshPlugins (1ms)
				BeforeProcessingInitializeOnLoad (74ms)
				ProcessInitializeOnLoadAttributes (253ms)
				ProcessInitializeOnLoadMethodAttributes (28ms)
				AfterProcessingInitializeOnLoad (6ms)
				EditorAssembliesLoaded (0ms)
			ExecutionOrderSort2 (0ms)
			AwakeInstancesAfterBackupRestoration (14ms)
Platform modules already initialized, skipping
Refreshing native plugins compatible for Editor in 0.66 ms, found 3 plugins.
Preloading 0 native plugins for Editor in 0.00 ms.
Unloading 3219 Unused Serialized files (Serialized files now loaded: 0)
Unloading 21 unused Assets / (80.2 KB). Loaded Objects now: 3721.
Memory consumption went from 203.9 MB to 203.9 MB.
Total: 3.573900 ms (FindLiveObjects: 1.010700 ms CreateObjectMapping: 0.246100 ms MarkObjects: 2.183500 ms  DeleteObjects: 0.132200 ms)

AssetImportParameters requested are different than current active one (requested -> active):
  custom:video-decoder-ogg-theora: a1e56fd34408186e4bbccfd4996cb3dc -> 
  custom:container-muxer-webm: aa71ff27fc2769a1b78a27578f13a17b -> 
  custom:container-demuxer-webm: 4f35f7cbe854078d1ac9338744f61a02 -> 
  custom:video-encoder-webm-vp8: eb34c28f22e8b96e1ab97ce403110664 -> 
  custom:audio-encoder-webm-vorbis: bf7c407c2cedff20999df2af8eb42d56 -> 
  custom:framework-win-MediaFoundation: 216162199b28c13a410421893ffa2e32 -> 
  custom:container-demuxer-ogg: 62fdf1f143b41e24485cea50d1cbac27 -> 
  custom:video-decoder-webm-vp8: 9c59270c3fd7afecdb556c50c9e8de78 -> 
  custom:audio-decoder-ogg-vorbis: bf7c407c2cedff20999df2af8eb42d56 -> 
========================================================================
Received Prepare
Registering precompiled user dll's ...
Registered in 0.006282 seconds.
Begin MonoManager ReloadAssembly
Symbol file LoadedFromMemory doesn't match image C:\Users\Anton\Documents\GitHub\One-TrickGnomes\Library\PackageCache\com.unity.visualscripting@1.7.6\Editor\VisualScripting.Core\Dependencies\YamlDotNet\Unity.VisualScripting.YamlDotNet.dll
Symbol file LoadedFromMemory doesn't match image C:\Users\Anton\Documents\GitHub\One-TrickGnomes\Library\PackageCache\com.unity.visualscripting@1.7.6\Editor\VisualScripting.Core\Dependencies\DotNetZip\Unity.VisualScripting.IonicZip.dll
Native extension for WindowsStandalone target not found
Refreshing native plugins compatible for Editor in 2.55 ms, found 3 plugins.
Preloading 0 native plugins for Editor in 0.00 ms.
Mono: successfully reloaded assembly
- Completed reload, in  1.233 seconds
Domain Reload Profiling:
	ReloadAssembly (1234ms)
		BeginReloadAssembly (162ms)
			ExecutionOrderSort (0ms)
			DisableScriptedObjects (6ms)
			BackupInstance (0ms)
			ReleaseScriptingObjects (0ms)
			CreateAndSetChildDomain (37ms)
		EndReloadAssembly (951ms)
			LoadAssemblies (98ms)
			RebuildTransferFunctionScriptingTraits (0ms)
			SetupTypeCache (355ms)
			ReleaseScriptCaches (1ms)
			RebuildScriptCaches (56ms)
			SetupLoadedEditorAssemblies (405ms)
				LogAssemblyErrors (0ms)
				InitializePlatformSupportModulesInManaged (16ms)
				SetLoadedEditorAssemblies (1ms)
				RefreshPlugins (3ms)
				BeforeProcessingInitializeOnLoad (80ms)
				ProcessInitializeOnLoadAttributes (271ms)
				ProcessInitializeOnLoadMethodAttributes (27ms)
				AfterProcessingInitializeOnLoad (6ms)
				EditorAssembliesLoaded (0ms)
			ExecutionOrderSort2 (0ms)
			AwakeInstancesAfterBackupRestoration (9ms)
Platform modules already initialized, skipping
Refreshing native plugins compatible for Editor in 0.53 ms, found 3 plugins.
Preloading 0 native plugins for Editor in 0.00 ms.
Unloading 3219 Unused Serialized files (Serialized files now loaded: 0)
Unloading 21 unused Assets / (80.2 KB). Loaded Objects now: 3723.
Memory consumption went from 204.0 MB to 203.9 MB.
Total: 2.238800 ms (FindLiveObjects: 0.276300 ms CreateObjectMapping: 0.136900 ms MarkObjects: 1.752800 ms  DeleteObjects: 0.072000 ms)

AssetImportParameters requested are different than current active one (requested -> active):
  custom:video-decoder-ogg-theora: a1e56fd34408186e4bbccfd4996cb3dc -> 
  custom:container-muxer-webm: aa71ff27fc2769a1b78a27578f13a17b -> 
  custom:container-demuxer-webm: 4f35f7cbe854078d1ac9338744f61a02 -> 
  custom:video-encoder-webm-vp8: eb34c28f22e8b96e1ab97ce403110664 -> 
  custom:audio-encoder-webm-vorbis: bf7c407c2cedff20999df2af8eb42d56 -> 
  custom:framework-win-MediaFoundation: 216162199b28c13a410421893ffa2e32 -> 
  custom:container-demuxer-ogg: 62fdf1f143b41e24485cea50d1cbac27 -> 
  custom:video-decoder-webm-vp8: 9c59270c3fd7afecdb556c50c9e8de78 -> 
  custom:audio-decoder-ogg-vorbis: bf7c407c2cedff20999df2af8eb42d56 -> 
<<<<<<< HEAD
<<<<<<< HEAD
>>>>>>> parent of 93707401 (Delete Logs directory)
=======
>>>>>>> parent of 93707401 (Delete Logs directory)
=======
>>>>>>> parent of 93707401 (Delete Logs directory)
=======
========================================================================
Received Import Request.
  Time since last request: 27.291540 seconds.
  path: Assets/_Gloomy_Wizard/Script/AniPlayWizard.cs
  artifactKey: Guid(8393db73094f5a74d982102344b3c100) Importer(815301076,1909f56bfc062723c751e8b465ee728b)
Start importing Assets/_Gloomy_Wizard/Script/AniPlayWizard.cs using Guid(8393db73094f5a74d982102344b3c100) Importer(815301076,1909f56bfc062723c751e8b465ee728b)  -> (artifact id: '554ea081a35ce2541bfb9bf6362fb398') in 0.009993 seconds 
>>>>>>> parent of 81a6941a (Logskit)
